# JRE version: Java(TM) SE Runtime Environment (8.0_45-b15) (build 1.8.0_45-b15)
# Java VM: Java HotSpot(TM) 64-Bit Server VM (25.45-b02 mixed mode windows-amd64 compressed oops)
Heap:
 PSYoungGen      total 18944K, used 3926K [0x00000000eab00000, 0x00000000ed000000, 0x0000000100000000)
  eden space 16384K, 8% used [0x00000000eab00000,0x00000000eac58f80,0x00000000ebb00000)
  from space 2560K, 99% used [0x00000000ebd80000,0x00000000ebffc8d0,0x00000000ec000000)
  to   space 2560K, 0% used [0x00000000ebb00000,0x00000000ebb00000,0x00000000ebd80000)
 ParOldGen       total 18432K, used 7885K [0x00000000c0000000, 0x00000000c1200000, 0x00000000eab00000)
  object space 18432K, 42% used [0x00000000c0000000,0x00000000c07b34d0,0x00000000c1200000)
 Metaspace       used 5729K, capacity 7024K, committed 7296K, reserved 1062912K
  class space    used 547K, capacity 616K, committed 640K, reserved 1048576K
GC Heap History (6 events):
Event: 14.896 GC heap before
{Heap before GC invocations=1 (full 0):
 PSYoungGen      total 18944K, used 5269K [0x00000000eab00000, 0x00000000ec000000, 0x0000000100000000)
  eden space 16384K, 32% used [0x00000000eab00000,0x00000000eb0257f8,0x00000000ebb00000)
  from space 2560K, 0% used [0x00000000ebd80000,0x00000000ebd80000,0x00000000ec000000)
  to   space 2560K, 0% used [0x00000000ebb00000,0x00000000ebb00000,0x00000000ebd80000)
 ParOldGen       total 44032K, used 0K [0x00000000c0000000, 0x00000000c2b00000, 0x00000000eab00000)
  object space 44032K, 0% used [0x00000000c0000000,0x00000000c0000000,0x00000000c2b00000)
 Metaspace       used 4125K, capacity 5584K, committed 5760K, reserved 1058816K
  class space    used 448K, capacity 520K, committed 640K, reserved 1048576K
Event: 14.941 GC heap after
Heap after GC invocations=1 (full 0):
 PSYoungGen      total 18944K, used 1898K [0x00000000eab00000, 0x00000000ec000000, 0x0000000100000000)
  eden space 16384K, 0% used [0x00000000eab00000,0x00000000eab00000,0x00000000ebb00000)
  from space 2560K, 74% used [0x00000000ebb00000,0x00000000ebcda968,0x00000000ebd80000)
  to   space 2560K, 0% used [0x00000000ebd80000,0x00000000ebd80000,0x00000000ec000000)
 ParOldGen       total 44032K, used 8K [0x00000000c0000000, 0x00000000c2b00000, 0x00000000eab00000)
  object space 44032K, 0% used [0x00000000c0000000,0x00000000c0002000,0x00000000c2b00000)
 Metaspace       used 4125K, capacity 5584K, committed 5760K, reserved 1058816K
  class space    used 448K, capacity 520K, committed 640K, reserved 1048576K
}
Event: 14.941 GC heap before
{Heap before GC invocations=2 (full 1):
 PSYoungGen      total 18944K, used 1898K [0x00000000eab00000, 0x00000000ec000000, 0x0000000100000000)
  eden space 16384K, 0% used [0x00000000eab00000,0x00000000eab00000,0x00000000ebb00000)
  from space 2560K, 74% used [0x00000000ebb00000,0x00000000ebcda968,0x00000000ebd80000)
  to   space 2560K, 0% used [0x00000000ebd80000,0x00000000ebd80000,0x00000000ec000000)
 ParOldGen       total 44032K, used 8K [0x00000000c0000000, 0x00000000c2b00000, 0x00000000eab00000)
  object space 44032K, 0% used [0x00000000c0000000,0x00000000c0002000,0x00000000c2b00000)
 Metaspace       used 4125K, capacity 5584K, committed 5760K, reserved 1058816K
  class space    used 448K, capacity 520K, committed 640K, reserved 1048576K
Event: 14.953 GC heap after
Heap after GC invocations=2 (full 1):
 PSYoungGen      total 18944K, used 0K [0x00000000eab00000, 0x00000000ec000000, 0x0000000100000000)
  eden space 16384K, 0% used [0x00000000eab00000,0x00000000eab00000,0x00000000ebb00000)
  from space 2560K, 0% used [0x00000000ebb00000,0x00000000ebb00000,0x00000000ebd80000)
  to   space 2560K, 0% used [0x00000000ebd80000,0x00000000ebd80000,0x00000000ec000000)
 ParOldGen       total 18432K, used 1712K [0x00000000c0000000, 0x00000000c1200000, 0x00000000eab00000)
  object space 18432K, 9% used [0x00000000c0000000,0x00000000c01ac118,0x00000000c1200000)
 Metaspace       used 4125K, capacity 5584K, committed 5760K, reserved 1058816K
  class space    used 448K, capacity 520K, committed 640K, reserved 1048576K
}
Event: 19.266 GC heap before
{Heap before GC invocations=3 (full 1):
 PSYoungGen      total 18944K, used 16384K [0x00000000eab00000, 0x00000000ec000000, 0x0000000100000000)
  eden space 16384K, 100% used [0x00000000eab00000,0x00000000ebb00000,0x00000000ebb00000)
  from space 2560K, 0% used [0x00000000ebb00000,0x00000000ebb00000,0x00000000ebd80000)
  to   space 2560K, 0% used [0x00000000ebd80000,0x00000000ebd80000,0x00000000ec000000)
 ParOldGen       total 18432K, used 1712K [0x00000000c0000000, 0x00000000c1200000, 0x00000000eab00000)
  object space 18432K, 9% used [0x00000000c0000000,0x00000000c01ac118,0x00000000c1200000)
 Metaspace       used 5399K, capacity 6704K, committed 6784K, reserved 1058816K
  class space    used 546K, capacity 616K, committed 640K, reserved 1048576K
Event: 19.271 GC heap after
Heap after GC invocations=3 (full 1):
 PSYoungGen      total 18944K, used 2544K [0x00000000eab00000, 0x00000000ec000000, 0x0000000100000000)
  eden space 16384K, 0% used [0x00000000eab00000,0x00000000eab00000,0x00000000ebb00000)
  from space 2560K, 99% used [0x00000000ebd80000,0x00000000ebffc028,0x00000000ec000000)
  to   space 2560K, 0% used [0x00000000ebb00000,0x00000000ebb00000,0x00000000ebd80000)
 ParOldGen       total 18432K, used 2530K [0x00000000c0000000, 0x00000000c1200000, 0x00000000eab00000)
  object space 18432K, 13% used [0x00000000c0000000,0x00000000c0278830,0x00000000c1200000)
 Metaspace       used 5399K, capacity 6704K, committed 6784K, reserved 1058816K
  class space    used 546K, capacity 616K, committed 640K, reserved 1048576K
}

